{"/mnt/g/Курс JavaScript_Владилен Минин/calculator/.eslintrc.js": {"path":"/mnt/g/Курс JavaScript_Владилен Минин/calculator/.eslintrc.js","statementMap":{"0":{"start":{"line":1,"column":0},"end":{"line":17,"column":1}}},"fnMap":{},"branchMap":{"0":{"loc":{"start":{"line":14,"column":18},"end":{"line":14,"column":72}},"type":"cond-expr","locations":[{"start":{"line":14,"column":58},"end":{"line":14,"column":64}},{"start":{"line":14,"column":67},"end":{"line":14,"column":72}}],"line":14},"1":{"loc":{"start":{"line":15,"column":19},"end":{"line":15,"column":73}},"type":"cond-expr","locations":[{"start":{"line":15,"column":59},"end":{"line":15,"column":65}},{"start":{"line":15,"column":68},"end":{"line":15,"column":73}}],"line":15}},"s":{"0":0},"f":{},"b":{"0":[0,0],"1":[0,0]}}
,"/mnt/g/Курс JavaScript_Владилен Минин/calculator/babel.config.js": {"path":"/mnt/g/Курс JavaScript_Владилен Минин/calculator/babel.config.js","statementMap":{"0":{"start":{"line":1,"column":0},"end":{"line":5,"column":1}}},"fnMap":{},"branchMap":{},"s":{"0":0},"f":{},"b":{}}
,"/mnt/g/Курс JavaScript_Владилен Минин/calculator/src/App.vue": {"path":"/mnt/g/Курс JavaScript_Владилен Минин/calculator/src/App.vue","statementMap":{"0":{"start":{"line":41,"column":0},"end":{"line":41,"column":null}},"1":{"start":{"line":51,"column":0},"end":{"line":51,"column":null}},"2":{"start":{"line":52,"column":0},"end":{"line":52,"column":null}},"3":{"start":{"line":54,"column":0},"end":{"line":54,"column":null}},"4":{"start":{"line":55,"column":0},"end":{"line":55,"column":null}},"5":{"start":{"line":57,"column":0},"end":{"line":57,"column":null}},"6":{"start":{"line":58,"column":0},"end":{"line":58,"column":null}},"7":{"start":{"line":60,"column":0},"end":{"line":60,"column":null}},"8":{"start":{"line":61,"column":0},"end":{"line":61,"column":null}},"9":{"start":{"line":63,"column":0},"end":{"line":63,"column":null}},"10":{"start":{"line":64,"column":0},"end":{"line":64,"column":null}},"11":{"start":{"line":66,"column":0},"end":{"line":66,"column":null}},"12":{"start":{"line":67,"column":0},"end":{"line":67,"column":null}},"13":{"start":{"line":71,"column":0},"end":{"line":71,"column":null}},"14":{"start":{"line":74,"column":0},"end":{"line":74,"column":null}},"15":{"start":{"line":75,"column":0},"end":{"line":75,"column":null}},"16":{"start":{"line":78,"column":0},"end":{"line":78,"column":null}},"17":{"start":{"line":81,"column":0},"end":{"line":81,"column":null}},"18":{"start":{"line":82,"column":0},"end":{"line":82,"column":null}},"19":{"start":{"line":87,"column":0},"end":{"line":87,"column":null}},"20":{"start":{"line":88,"column":0},"end":{"line":88,"column":null}}},"fnMap":{"0":{"name":"(anonymous_1)","decl":{"start":{"line":40,"column":0},"end":{"line":40,"column":null}},"loc":{"start":{"line":40,"column":0},"end":{"line":48,"column":null}}},"1":{"name":"(anonymous_2)","decl":{"start":{"line":50,"column":0},"end":{"line":50,"column":null}},"loc":{"start":{"line":50,"column":0},"end":{"line":69,"column":null}}},"2":{"name":"(anonymous_3)","decl":{"start":{"line":70,"column":0},"end":{"line":70,"column":null}},"loc":{"start":{"line":70,"column":0},"end":{"line":72,"column":null}}},"3":{"name":"(anonymous_4)","decl":{"start":{"line":73,"column":0},"end":{"line":73,"column":null}},"loc":{"start":{"line":73,"column":0},"end":{"line":76,"column":null}}},"4":{"name":"(anonymous_5)","decl":{"start":{"line":77,"column":0},"end":{"line":77,"column":null}},"loc":{"start":{"line":77,"column":0},"end":{"line":79,"column":null}}},"5":{"name":"(anonymous_6)","decl":{"start":{"line":80,"column":0},"end":{"line":80,"column":null}},"loc":{"start":{"line":80,"column":0},"end":{"line":85,"column":null}}},"6":{"name":"(anonymous_7)","decl":{"start":{"line":86,"column":0},"end":{"line":86,"column":null}},"loc":{"start":{"line":86,"column":0},"end":{"line":89,"column":null}}}},"branchMap":{"0":{"loc":{"start":{"line":50,"column":0},"end":{"line":50,"column":null}},"type":"default-arg","locations":[{"start":{"line":50,"column":0},"end":{"line":50,"column":null}}]},"1":{"loc":{"start":{"line":53,"column":0},"end":{"line":55,"column":null}},"type":"switch","locations":[{"start":{"line":53,"column":0},"end":{"line":55,"column":null}},{"start":{"line":56,"column":0},"end":{"line":58,"column":null}},{"start":{"line":59,"column":0},"end":{"line":61,"column":null}},{"start":{"line":62,"column":0},"end":{"line":64,"column":null}},{"start":{"line":65,"column":0},"end":{"line":67,"column":null}}]},"2":{"loc":{"start":{"line":82,"column":0},"end":{"line":82,"column":null}},"type":"cond-expr","locations":[{"start":{"line":82,"column":0},"end":{"line":82,"column":null}},{"start":{"line":82,"column":0},"end":{"line":82,"column":null}}]}},"s":{"0":7,"1":5,"2":5,"3":1,"4":1,"5":1,"6":1,"7":1,"8":1,"9":1,"10":1,"11":1,"12":1,"13":1,"14":1,"15":1,"16":1,"17":1,"18":1,"19":1,"20":1},"f":{"0":7,"1":5,"2":1,"3":1,"4":1,"5":1,"6":1},"b":{"0":[0],"1":[1,1,1,1,1],"2":[0,1]}}
,"/mnt/g/Курс JavaScript_Владилен Минин/calculator/src/main.js": {"path":"/mnt/g/Курс JavaScript_Владилен Минин/calculator/src/main.js","statementMap":{"0":{"start":{"line":6,"column":0},"end":{"line":6,"column":32}},"1":{"start":{"line":8,"column":0},"end":{"line":12,"column":17}},"2":{"start":{"line":11,"column":15},"end":{"line":11,"column":21}}},"fnMap":{"0":{"name":"(anonymous_0)","decl":{"start":{"line":11,"column":10},"end":{"line":11,"column":11}},"loc":{"start":{"line":11,"column":15},"end":{"line":11,"column":21}},"line":11}},"branchMap":{},"s":{"0":0,"1":0,"2":0},"f":{"0":0},"b":{}}
,"/mnt/g/Курс JavaScript_Владилен Минин/calculator/src/router/index.js": {"path":"/mnt/g/Курс JavaScript_Владилен Минин/calculator/src/router/index.js","statementMap":{"0":{"start":{"line":5,"column":0},"end":{"line":5,"column":18}},"1":{"start":{"line":7,"column":15},"end":{"line":7,"column":17}},"2":{"start":{"line":9,"column":15},"end":{"line":13,"column":2}}},"fnMap":{},"branchMap":{},"s":{"0":0,"1":0,"2":0},"f":{},"b":{}}
,"/mnt/g/Курс JavaScript_Владилен Минин/calculator/src/store/index.js": {"path":"/mnt/g/Курс JavaScript_Владилен Минин/calculator/src/store/index.js","statementMap":{"0":{"start":{"line":4,"column":0},"end":{"line":4,"column":13}}},"fnMap":{},"branchMap":{},"s":{"0":0},"f":{},"b":{}}
}
